<?xml version="1.0" encoding="UTF-8"?>
<testng-results skipped="0" failed="0" total="1" passed="1">
  <reporter-output>
  </reporter-output>
  <suite name="Default suite" duration-ms="1626" started-at="2019-06-17T13:00:51Z" finished-at="2019-06-17T13:00:53Z">
    <groups>
    </groups>
    <test name="Default test" duration-ms="1626" started-at="2019-06-17T13:00:51Z" finished-at="2019-06-17T13:00:53Z">
      <class name="com.qa.bdd.api.BDD_TEST">
        <test-method status="PASS" signature="number_of_circuits_2017()[pri:0, instance:com.qa.bdd.api.BDD_TEST@23ceabc1]" name="number_of_circuits_2017" duration-ms="1616" started-at="2019-06-17T18:30:51Z" finished-at="2019-06-17T18:30:53Z">
          <reporter-output>
          </reporter-output>
        </test-method> <!-- number_of_circuits_2017 -->
      </class> <!-- com.qa.bdd.api.BDD_TEST -->
    </test> <!-- Default test -->
  </suite> <!-- Default suite -->
</testng-results>
